<?xml version="1.0" encoding="UTF-8"?>
<testsuite name="com.emse.spring.faircorp.FaircorpApplicationTests" tests="1" skipped="0" failures="0" errors="0" timestamp="2020-11-24T12:06:34" hostname="LAPTOP-SQ8R0GOV" time="0.229">
  <properties/>
  <testcase name="contextLoads()" classname="com.emse.spring.faircorp.FaircorpApplicationTests" time="0.229"/>
  <system-out><![CDATA[13:06:32.353 [Test worker] DEBUG org.springframework.test.context.BootstrapUtils - Instantiating CacheAwareContextLoaderDelegate from class [org.springframework.test.context.cache.DefaultCacheAwareContextLoaderDelegate]
13:06:32.371 [Test worker] DEBUG org.springframework.test.context.BootstrapUtils - Instantiating BootstrapContext using constructor [public org.springframework.test.context.support.DefaultBootstrapContext(java.lang.Class,org.springframework.test.context.CacheAwareContextLoaderDelegate)]
13:06:32.398 [Test worker] DEBUG org.springframework.test.context.BootstrapUtils - Instantiating TestContextBootstrapper for test class [com.emse.spring.faircorp.FaircorpApplicationTests] from class [org.springframework.boot.test.context.SpringBootTestContextBootstrapper]
13:06:32.408 [Test worker] INFO org.springframework.boot.test.context.SpringBootTestContextBootstrapper - Neither @ContextConfiguration nor @ContextHierarchy found for test class [com.emse.spring.faircorp.FaircorpApplicationTests], using SpringBootContextLoader
13:06:32.411 [Test worker] DEBUG org.springframework.test.context.support.AbstractContextLoader - Did not detect default resource location for test class [com.emse.spring.faircorp.FaircorpApplicationTests]: class path resource [com/emse/spring/faircorp/FaircorpApplicationTests-context.xml] does not exist
13:06:32.412 [Test worker] DEBUG org.springframework.test.context.support.AbstractContextLoader - Did not detect default resource location for test class [com.emse.spring.faircorp.FaircorpApplicationTests]: class path resource [com/emse/spring/faircorp/FaircorpApplicationTestsContext.groovy] does not exist
13:06:32.412 [Test worker] INFO org.springframework.test.context.support.AbstractContextLoader - Could not detect default resource locations for test class [com.emse.spring.faircorp.FaircorpApplicationTests]: no resource found for suffixes {-context.xml, Context.groovy}.
13:06:32.413 [Test worker] INFO org.springframework.test.context.support.AnnotationConfigContextLoaderUtils - Could not detect default configuration classes for test class [com.emse.spring.faircorp.FaircorpApplicationTests]: FaircorpApplicationTests does not declare any static, non-private, non-final, nested classes annotated with @Configuration.
13:06:32.447 [Test worker] DEBUG org.springframework.test.context.support.ActiveProfilesUtils - Could not find an 'annotation declaring class' for annotation type [org.springframework.test.context.ActiveProfiles] and class [com.emse.spring.faircorp.FaircorpApplicationTests]
13:06:32.498 [Test worker] DEBUG org.springframework.context.annotation.ClassPathScanningCandidateComponentProvider - Identified candidate component class: file [C:\Work\CPS2 M2\Distributed and Mobile Apps\Practical\faircorp\build\classes\java\main\com\emse\spring\faircorp\FaircorpApplication.class]
13:06:32.503 [Test worker] INFO org.springframework.boot.test.context.SpringBootTestContextBootstrapper - Found @SpringBootConfiguration com.emse.spring.faircorp.FaircorpApplication for test class com.emse.spring.faircorp.FaircorpApplicationTests
13:06:32.587 [Test worker] DEBUG org.springframework.boot.test.context.SpringBootTestContextBootstrapper - @TestExecutionListeners is not present for class [com.emse.spring.faircorp.FaircorpApplicationTests]: using defaults.
13:06:32.587 [Test worker] INFO org.springframework.boot.test.context.SpringBootTestContextBootstrapper - Loaded default TestExecutionListener class names from location [META-INF/spring.factories]: [org.springframework.boot.test.autoconfigure.restdocs.RestDocsTestExecutionListener, org.springframework.boot.test.autoconfigure.web.client.MockRestServiceServerResetTestExecutionListener, org.springframework.boot.test.autoconfigure.web.servlet.MockMvcPrintOnlyOnFailureTestExecutionListener, org.springframework.boot.test.autoconfigure.web.servlet.WebDriverTestExecutionListener, org.springframework.boot.test.autoconfigure.webservices.client.MockWebServiceServerTestExecutionListener, org.springframework.boot.test.mock.mockito.MockitoTestExecutionListener, org.springframework.boot.test.mock.mockito.ResetMocksTestExecutionListener, org.springframework.test.context.web.ServletTestExecutionListener, org.springframework.test.context.support.DirtiesContextBeforeModesTestExecutionListener, org.springframework.test.context.support.DependencyInjectionTestExecutionListener, org.springframework.test.context.support.DirtiesContextTestExecutionListener, org.springframework.test.context.transaction.TransactionalTestExecutionListener, org.springframework.test.context.jdbc.SqlScriptsTestExecutionListener, org.springframework.test.context.event.EventPublishingTestExecutionListener]
13:06:32.601 [Test worker] INFO org.springframework.boot.test.context.SpringBootTestContextBootstrapper - Using TestExecutionListeners: [org.springframework.test.context.web.ServletTestExecutionListener@12669866, org.springframework.test.context.support.DirtiesContextBeforeModesTestExecutionListener@34433648, org.springframework.boot.test.mock.mockito.MockitoTestExecutionListener@65f7fcde, org.springframework.boot.test.autoconfigure.SpringBootDependencyInjectionTestExecutionListener@27e4c665, org.springframework.test.context.support.DirtiesContextTestExecutionListener@167cf57, org.springframework.test.context.transaction.TransactionalTestExecutionListener@2c3b4845, org.springframework.test.context.jdbc.SqlScriptsTestExecutionListener@76704010, org.springframework.test.context.event.EventPublishingTestExecutionListener@77a66755, org.springframework.boot.test.autoconfigure.restdocs.RestDocsTestExecutionListener@48841381, org.springframework.boot.test.autoconfigure.web.client.MockRestServiceServerResetTestExecutionListener@3e8b13b4, org.springframework.boot.test.autoconfigure.web.servlet.MockMvcPrintOnlyOnFailureTestExecutionListener@4a8fb4b5, org.springframework.boot.test.autoconfigure.web.servlet.WebDriverTestExecutionListener@ed7fe7e, org.springframework.boot.test.autoconfigure.webservices.client.MockWebServiceServerTestExecutionListener@6627fc3e, org.springframework.boot.test.mock.mockito.ResetMocksTestExecutionListener@d745fd]
13:06:32.605 [Test worker] DEBUG org.springframework.test.context.support.AbstractDirtiesContextTestExecutionListener - Before test class: context [DefaultTestContext@3e10e58e testClass = FaircorpApplicationTests, testInstance = [null], testMethod = [null], testException = [null], mergedContextConfiguration = [WebMergedContextConfiguration@27234fcf testClass = FaircorpApplicationTests, locations = '{}', classes = '{class com.emse.spring.faircorp.FaircorpApplication}', contextInitializerClasses = '[]', activeProfiles = '{}', propertySourceLocations = '{}', propertySourceProperties = '{org.springframework.boot.test.context.SpringBootTestContextBootstrapper=true}', contextCustomizers = set[org.springframework.boot.test.autoconfigure.actuate.metrics.MetricsExportContextCustomizerFactory$DisableMetricExportContextCustomizer@2650c69d, org.springframework.boot.test.autoconfigure.properties.PropertyMappingContextCustomizer@0, org.springframework.boot.test.autoconfigure.web.servlet.WebDriverContextCustomizerFactory$Customizer@58443e3e, org.springframework.boot.test.context.filter.ExcludeFilterContextCustomizer@504ebe25, org.springframework.boot.test.json.DuplicateJsonObjectContextCustomizerFactory$DuplicateJsonObjectContextCustomizer@92db0d0, org.springframework.boot.test.mock.mockito.MockitoContextCustomizer@0, org.springframework.boot.test.web.client.TestRestTemplateContextCustomizer@6bbad449, org.springframework.boot.test.web.reactive.server.WebTestClientContextCustomizer@68a37331, org.springframework.boot.test.context.SpringBootTestArgs@1, org.springframework.boot.test.context.SpringBootTestWebEnvironment@2d02291a], resourceBasePath = 'src/main/webapp', contextLoader = 'org.springframework.boot.test.context.SpringBootContextLoader', parent = [null]], attributes = map['org.springframework.test.context.web.ServletTestExecutionListener.activateListener' -> true]], class annotated with @DirtiesContext [false] with mode [null].
13:06:32.634 [Test worker] DEBUG org.springframework.test.context.support.TestPropertySourceUtils - Adding inlined properties to environment: {spring.jmx.enabled=false, org.springframework.boot.test.context.SpringBootTestContextBootstrapper=true}

  .   ____          _            __ _ _
 /\\ / ___'_ __ _ _(_)_ __  __ _ \ \ \ \
( ( )\___ | '_ | '_| | '_ \/ _` | \ \ \ \
 \\/  ___)| |_)| | | | | || (_| |  ) ) ) )
  '  |____| .__|_| |_|_| |_\__, | / / / /
 =========|_|==============|___/=/_/_/_/
 :: Spring Boot ::                (v2.4.0)

2020-11-24 13:06:32.863  INFO 12376 --- [    Test worker] c.e.s.faircorp.FaircorpApplicationTests  : Starting FaircorpApplicationTests using Java 11.0.9 on LAPTOP-SQ8R0GOV with PID 12376 (started by Aleksei Pashinin in C:\Work\CPS2 M2\Distributed and Mobile Apps\Practical\faircorp)
2020-11-24 13:06:32.865  INFO 12376 --- [    Test worker] c.e.s.faircorp.FaircorpApplicationTests  : No active profile set, falling back to default profiles: default
2020-11-24 13:06:33.430  INFO 12376 --- [    Test worker] .s.d.r.c.RepositoryConfigurationDelegate : Bootstrapping Spring Data JPA repositories in DEFERRED mode.
2020-11-24 13:06:33.446  INFO 12376 --- [    Test worker] .s.d.r.c.RepositoryConfigurationDelegate : Finished Spring Data repository scanning in 9 ms. Found 0 JPA repository interfaces.
2020-11-24 13:06:33.884  INFO 12376 --- [    Test worker] o.s.s.concurrent.ThreadPoolTaskExecutor  : Initializing ExecutorService 'applicationTaskExecutor'
2020-11-24 13:06:33.897  INFO 12376 --- [    Test worker] com.zaxxer.hikari.HikariDataSource       : HikariPool-1 - Starting...
2020-11-24 13:06:34.064  INFO 12376 --- [    Test worker] com.zaxxer.hikari.HikariDataSource       : HikariPool-1 - Start completed.
2020-11-24 13:06:34.130  INFO 12376 --- [         task-1] o.hibernate.jpa.internal.util.LogHelper  : HHH000204: Processing PersistenceUnitInfo [name: default]
2020-11-24 13:06:34.185  INFO 12376 --- [         task-1] org.hibernate.Version                    : HHH000412: Hibernate ORM core version 5.4.23.Final
2020-11-24 13:06:34.344  WARN 12376 --- [    Test worker] JpaBaseConfiguration$JpaWebConfiguration : spring.jpa.open-in-view is enabled by default. Therefore, database queries may be performed during view rendering. Explicitly configure spring.jpa.open-in-view to disable this warning
2020-11-24 13:06:34.346  INFO 12376 --- [         task-1] o.hibernate.annotations.common.Version   : HCANN000001: Hibernate Commons Annotations {5.1.2.Final}
2020-11-24 13:06:34.479  INFO 12376 --- [         task-1] org.hibernate.dialect.Dialect            : HHH000400: Using dialect: org.hibernate.dialect.H2Dialect
2020-11-24 13:06:34.609  INFO 12376 --- [    Test worker] o.s.b.a.h2.H2ConsoleAutoConfiguration    : H2 console available at '/console'. Database available at 'jdbc:h2:mem:faircorp'
2020-11-24 13:06:34.660  INFO 12376 --- [    Test worker] o.s.b.a.w.s.WelcomePageHandlerMapping    : Adding welcome page: class path resource [static/index.html]
2020-11-24 13:06:34.866  INFO 12376 --- [    Test worker] DeferredRepositoryInitializationListener : Triggering deferred initialization of Spring Data repositories…
2020-11-24 13:06:34.868  INFO 12376 --- [    Test worker] DeferredRepositoryInitializationListener : Spring Data repositories initialized!
2020-11-24 13:06:34.877  INFO 12376 --- [    Test worker] c.e.s.faircorp.FaircorpApplicationTests  : Started FaircorpApplicationTests in 2.236 seconds (JVM running for 3.509)
Bonjour, Spring!
]]></system-out>
  <system-err><![CDATA[]]></system-err>
</testsuite>
